<?xml version="1.0" encoding="UTF-8"?>
<testng-results ignored="0" total="1" passed="1" failed="0" skipped="0">
  <reporter-output>
    <line>
      <![CDATA[opening saucedemo]]>
    </line>
  </reporter-output>
  <suite started-at="2023-08-02T21:02:37 IST" name="Default suite" finished-at="2023-08-02T21:02:44 IST" duration-ms="6476">
    <groups>
    </groups>
    <test started-at="2023-08-02T21:02:37 IST" name="Default test" finished-at="2023-08-02T21:02:44 IST" duration-ms="6476">
      <class name="swaglabTestLayer.LoginPageTest">
        <test-method is-config="true" signature="testbase()[pri:0, instance:swaglabTestLayer.LoginPageTest@3a93b025]" started-at="2023-08-02T21:02:37 IST" name="testbase" finished-at="2023-08-02T21:02:43 IST" duration-ms="5817" status="PASS">
          <reporter-output>
            <line>
              <![CDATA[opening saucedemo]]>
            </line>
          </reporter-output>
        </test-method> <!-- testbase -->
        <test-method signature="VerifyLoginfunctionality()[pri:0, instance:swaglabTestLayer.LoginPageTest@3a93b025]" started-at="2023-08-02T21:02:43 IST" name="VerifyLoginfunctionality" finished-at="2023-08-02T21:02:44 IST" duration-ms="622" status="PASS">
          <reporter-output>
          </reporter-output>
        </test-method> <!-- VerifyLoginfunctionality -->
      </class> <!-- swaglabTestLayer.LoginPageTest -->
    </test> <!-- Default test -->
  </suite> <!-- Default suite -->
</testng-results>
